<?xml version="1.0" encoding="UTF-8"?>
<robot generator="Robot 3.1.2 (Python 3.8.1 on win32)" generated="20200319 14:38:09.891" rpa="false">
<suite id="s1" name="Tests" source="C:\Users\fritz\PycharmProjects\CarRentalTest\Tests">
<suite id="s1-s1" name="carRental" source="C:\Users\fritz\PycharmProjects\CarRentalTest\Tests\carRental.robot">
<kw name="Begin Webtest" library="keywords" type="setup">
<kw name="Open Browser" library="SeleniumLibrary">
<doc>Opens a new browser instance to the optional ``url``.</doc>
<arguments>
<arg>about:blank</arg>
<arg>${BROWSER}</arg>
</arguments>
<msg timestamp="20200319 14:38:10.234" level="INFO">Opening browser 'chrome' to base url 'about:blank'.</msg>
<status status="PASS" starttime="20200319 14:38:10.234" endtime="20200319 14:38:15.555"></status>
</kw>
<status status="PASS" starttime="20200319 14:38:10.234" endtime="20200319 14:38:15.555"></status>
</kw>
<test id="s1-s1-t1" name="An Email Should not be Used Twice">
<kw name="Given Page Loaded" library="keywords">
<kw name="Load Page" library="keywords">
<kw name="Go To" library="SeleniumLibrary">
<doc>Navigates the current browser window to the provided ``url``.</doc>
<arguments>
<arg>${URL}</arg>
</arguments>
<msg timestamp="20200319 14:38:15.559" level="INFO">Opening url 'http://rental15.infotiv.net'</msg>
<status status="PASS" starttime="20200319 14:38:15.559" endtime="20200319 14:38:16.009"></status>
</kw>
<status status="PASS" starttime="20200319 14:38:15.559" endtime="20200319 14:38:16.009"></status>
</kw>
<kw name="Verify Rental Page Loaded" library="keywords">
<kw name="Location Should Be" library="SeleniumLibrary">
<doc>Verifies that the current URL is exactly ``url``.</doc>
<arguments>
<arg>http://rental15.infotiv.net/</arg>
</arguments>
<msg timestamp="20200319 14:38:16.021" level="INFO">Current location is 'http://rental15.infotiv.net/'.</msg>
<status status="PASS" starttime="20200319 14:38:16.010" endtime="20200319 14:38:16.021"></status>
</kw>
<status status="PASS" starttime="20200319 14:38:16.010" endtime="20200319 14:38:16.021"></status>
</kw>
<status status="PASS" starttime="20200319 14:38:15.558" endtime="20200319 14:38:16.021"></status>
</kw>
<kw name="And Create User Has Been Selected" library="keywords">
<kw name="Selecting Create User" library="keywords">
<kw name="Click Button" library="SeleniumLibrary">
<doc>Clicks the button identified by ``locator``.</doc>
<arguments>
<arg>//*[@id="createUser"]</arg>
</arguments>
<msg timestamp="20200319 14:38:16.023" level="INFO">Clicking button '//*[@id="createUser"]'.</msg>
<status status="PASS" starttime="20200319 14:38:16.023" endtime="20200319 14:38:16.391"></status>
</kw>
<status status="PASS" starttime="20200319 14:38:16.023" endtime="20200319 14:38:16.391"></status>
</kw>
<kw name="Verify Create User Loaded" library="keywords">
<kw name="Wait Until Page Contains" library="SeleniumLibrary">
<doc>Waits until ``text`` appears on the current page.</doc>
<arguments>
<arg>Create a new user</arg>
</arguments>
<status status="PASS" starttime="20200319 14:38:16.392" endtime="20200319 14:38:16.410"></status>
</kw>
<status status="PASS" starttime="20200319 14:38:16.391" endtime="20200319 14:38:16.410"></status>
</kw>
<status status="PASS" starttime="20200319 14:38:16.022" endtime="20200319 14:38:16.410"></status>
</kw>
<kw name="When Invalid Data Has Been Inserted" library="keywords">
<arguments>
<arg>frizz</arg>
<arg>Molin</arg>
<arg>0012312390</arg>
<arg>Fri@yahoo.com</arg>
<arg>Fri@yahoo.com</arg>
<arg>Brah1239</arg>
<arg>Brah1239</arg>
</arguments>
<kw name="Input Text" library="SeleniumLibrary">
<doc>Types the given ``text`` into the text field identified by ``locator``.</doc>
<arguments>
<arg>id:name</arg>
<arg>${username}</arg>
</arguments>
<msg timestamp="20200319 14:38:16.413" level="INFO">Typing text 'frizz' into text field 'id:name'.</msg>
<status status="PASS" starttime="20200319 14:38:16.411" endtime="20200319 14:38:16.527"></status>
</kw>
<kw name="Input Text" library="SeleniumLibrary">
<doc>Types the given ``text`` into the text field identified by ``locator``.</doc>
<arguments>
<arg>id:last</arg>
<arg>${last_name}</arg>
</arguments>
<msg timestamp="20200319 14:38:16.527" level="INFO">Typing text 'Molin' into text field 'id:last'.</msg>
<status status="PASS" starttime="20200319 14:38:16.527" endtime="20200319 14:38:16.637"></status>
</kw>
<kw name="Input Text" library="SeleniumLibrary">
<doc>Types the given ``text`` into the text field identified by ``locator``.</doc>
<arguments>
<arg>id:phone</arg>
<arg>${phone_number}</arg>
</arguments>
<msg timestamp="20200319 14:38:16.638" level="INFO">Typing text '0012312390' into text field 'id:phone'.</msg>
<status status="PASS" starttime="20200319 14:38:16.637" endtime="20200319 14:38:16.759"></status>
</kw>
<kw name="Input Text" library="SeleniumLibrary">
<doc>Types the given ``text`` into the text field identified by ``locator``.</doc>
<arguments>
<arg>id:emailCreate</arg>
<arg>${e_mail}</arg>
</arguments>
<msg timestamp="20200319 14:38:16.760" level="INFO">Typing text 'Fri@yahoo.com' into text field 'id:emailCreate'.</msg>
<status status="PASS" starttime="20200319 14:38:16.760" endtime="20200319 14:38:16.898"></status>
</kw>
<kw name="Input Text" library="SeleniumLibrary">
<doc>Types the given ``text`` into the text field identified by ``locator``.</doc>
<arguments>
<arg>id:confirmEmail</arg>
<arg>${confirm_email}</arg>
</arguments>
<msg timestamp="20200319 14:38:16.899" level="INFO">Typing text 'Fri@yahoo.com' into text field 'id:confirmEmail'.</msg>
<status status="PASS" starttime="20200319 14:38:16.898" endtime="20200319 14:38:17.029"></status>
</kw>
<kw name="Input Text" library="SeleniumLibrary">
<doc>Types the given ``text`` into the text field identified by ``locator``.</doc>
<arguments>
<arg>id:passwordCreate</arg>
<arg>${password}</arg>
</arguments>
<msg timestamp="20200319 14:38:17.030" level="INFO">Typing text 'Brah1239' into text field 'id:passwordCreate'.</msg>
<status status="PASS" starttime="20200319 14:38:17.029" endtime="20200319 14:38:17.186"></status>
</kw>
<kw name="Input Text" library="SeleniumLibrary">
<doc>Types the given ``text`` into the text field identified by ``locator``.</doc>
<arguments>
<arg>id:confirmPassword</arg>
<arg>${confirm_password}</arg>
</arguments>
<msg timestamp="20200319 14:38:17.187" level="INFO">Typing text 'Brah1239' into text field 'id:confirmPassword'.</msg>
<status status="PASS" starttime="20200319 14:38:17.186" endtime="20200319 14:38:17.369"></status>
</kw>
<status status="PASS" starttime="20200319 14:38:16.411" endtime="20200319 14:38:17.369"></status>
</kw>
<kw name="And Creation Has Been Confirmed" library="keywords">
<kw name="Click Button" library="SeleniumLibrary">
<doc>Clicks the button identified by ``locator``.</doc>
<arguments>
<arg>//*[@id="create"]</arg>
</arguments>
<msg timestamp="20200319 14:38:17.371" level="INFO">Clicking button '//*[@id="create"]'.</msg>
<status status="PASS" starttime="20200319 14:38:17.371" endtime="20200319 14:38:18.103"></status>
</kw>
<status status="PASS" starttime="20200319 14:38:17.370" endtime="20200319 14:38:18.104"></status>
</kw>
<kw name="Then An Error Should Show Up" library="keywords">
<kw name="Wait Until Page Contains" library="SeleniumLibrary">
<doc>Waits until ``text`` appears on the current page.</doc>
<arguments>
<arg>That E-mail is already taken</arg>
</arguments>
<kw name="Capture Page Screenshot" library="SeleniumLibrary">
<doc>Takes a screenshot of the current page and embeds it into a log file.</doc>
<msg timestamp="20200319 14:38:23.587" level="INFO" html="yes">&lt;/td&gt;&lt;/tr&gt;&lt;tr&gt;&lt;td colspan="3"&gt;&lt;a href="selenium-screenshot-139.png"&gt;&lt;img src="selenium-screenshot-139.png" width="800px"&gt;&lt;/a&gt;</msg>
<status status="PASS" starttime="20200319 14:38:23.244" endtime="20200319 14:38:23.587"></status>
</kw>
<msg timestamp="20200319 14:38:23.587" level="FAIL">Text 'That E-mail is already taken' did not appear in 5 seconds.</msg>
<status status="FAIL" starttime="20200319 14:38:18.107" endtime="20200319 14:38:23.587"></status>
</kw>
<status status="FAIL" starttime="20200319 14:38:18.106" endtime="20200319 14:38:23.587"></status>
</kw>
<doc>An email should not be able to be used for two different accounts</doc>
<tags>
<tag>Test 1; The email test</tag>
</tags>
<status status="FAIL" starttime="20200319 14:38:15.555" endtime="20200319 14:38:23.587" critical="yes">Text 'That E-mail is already taken' did not appear in 5 seconds.</status>
</test>
<test id="s1-s1-t2" name="User can create an account">
<kw name="Given Page Loaded" library="keywords">
<kw name="Load Page" library="keywords">
<kw name="Go To" library="SeleniumLibrary">
<doc>Navigates the current browser window to the provided ``url``.</doc>
<arguments>
<arg>${URL}</arg>
</arguments>
<msg timestamp="20200319 14:38:23.603" level="INFO">Opening url 'http://rental15.infotiv.net'</msg>
<status status="PASS" starttime="20200319 14:38:23.603" endtime="20200319 14:38:23.895"></status>
</kw>
<status status="PASS" starttime="20200319 14:38:23.603" endtime="20200319 14:38:23.895"></status>
</kw>
<kw name="Verify Rental Page Loaded" library="keywords">
<kw name="Location Should Be" library="SeleniumLibrary">
<doc>Verifies that the current URL is exactly ``url``.</doc>
<arguments>
<arg>http://rental15.infotiv.net/</arg>
</arguments>
<msg timestamp="20200319 14:38:23.903" level="INFO">Current location is 'http://rental15.infotiv.net/'.</msg>
<status status="PASS" starttime="20200319 14:38:23.897" endtime="20200319 14:38:23.903"></status>
</kw>
<status status="PASS" starttime="20200319 14:38:23.896" endtime="20200319 14:38:23.903"></status>
</kw>
<status status="PASS" starttime="20200319 14:38:23.587" endtime="20200319 14:38:23.903"></status>
</kw>
<kw name="And Create User Has Been Selected" library="keywords">
<kw name="Selecting Create User" library="keywords">
<kw name="Click Button" library="SeleniumLibrary">
<doc>Clicks the button identified by ``locator``.</doc>
<arguments>
<arg>//*[@id="createUser"]</arg>
</arguments>
<msg timestamp="20200319 14:38:23.907" level="INFO">Clicking button '//*[@id="createUser"]'.</msg>
<kw name="Capture Page Screenshot" library="SeleniumLibrary">
<doc>Takes a screenshot of the current page and embeds it into a log file.</doc>
<msg timestamp="20200319 14:38:24.254" level="INFO" html="yes">&lt;/td&gt;&lt;/tr&gt;&lt;tr&gt;&lt;td colspan="3"&gt;&lt;a href="selenium-screenshot-140.png"&gt;&lt;img src="selenium-screenshot-140.png" width="800px"&gt;&lt;/a&gt;</msg>
<status status="PASS" starttime="20200319 14:38:23.933" endtime="20200319 14:38:24.254"></status>
</kw>
<msg timestamp="20200319 14:38:24.254" level="FAIL">Button with locator '//*[@id="createUser"]' not found.</msg>
<status status="FAIL" starttime="20200319 14:38:23.907" endtime="20200319 14:38:24.254"></status>
</kw>
<status status="FAIL" starttime="20200319 14:38:23.905" endtime="20200319 14:38:24.254"></status>
</kw>
<status status="FAIL" starttime="20200319 14:38:23.904" endtime="20200319 14:38:24.254"></status>
</kw>
<doc>User should be able to create an account by filling in all the required fields, according to the requirement list.</doc>
<tags>
<tag>Test 2; user creation</tag>
</tags>
<status status="FAIL" starttime="20200319 14:38:23.587" endtime="20200319 14:38:24.254" critical="yes">Button with locator '//*[@id="createUser"]' not found.</status>
</test>
<test id="s1-s1-t3" name="User Should Be Able To Log in">
<kw name="Page Loaded" library="keywords">
<kw name="Load Page" library="keywords">
<kw name="Go To" library="SeleniumLibrary">
<doc>Navigates the current browser window to the provided ``url``.</doc>
<arguments>
<arg>${URL}</arg>
</arguments>
<msg timestamp="20200319 14:38:24.254" level="INFO">Opening url 'http://rental15.infotiv.net'</msg>
<status status="PASS" starttime="20200319 14:38:24.254" endtime="20200319 14:38:24.519"></status>
</kw>
<status status="PASS" starttime="20200319 14:38:24.254" endtime="20200319 14:38:24.519"></status>
</kw>
<kw name="Verify Rental Page Loaded" library="keywords">
<kw name="Location Should Be" library="SeleniumLibrary">
<doc>Verifies that the current URL is exactly ``url``.</doc>
<arguments>
<arg>http://rental15.infotiv.net/</arg>
</arguments>
<msg timestamp="20200319 14:38:24.531" level="INFO">Current location is 'http://rental15.infotiv.net/'.</msg>
<status status="PASS" starttime="20200319 14:38:24.520" endtime="20200319 14:38:24.531"></status>
</kw>
<status status="PASS" starttime="20200319 14:38:24.519" endtime="20200319 14:38:24.531"></status>
</kw>
<status status="PASS" starttime="20200319 14:38:24.254" endtime="20200319 14:38:24.533"></status>
</kw>
<kw name="Log Out" library="keywords">
<kw name="Click Button" library="SeleniumLibrary">
<doc>Clicks the button identified by ``locator``.</doc>
<arguments>
<arg>//*[@id="logout"]</arg>
</arguments>
<msg timestamp="20200319 14:38:24.533" level="INFO">Clicking button '//*[@id="logout"]'.</msg>
<status status="PASS" starttime="20200319 14:38:24.533" endtime="20200319 14:38:25.064"></status>
</kw>
<status status="PASS" starttime="20200319 14:38:24.533" endtime="20200319 14:38:25.065"></status>
</kw>
<kw name="Attempt To Log In">
<arguments>
<arg>Fritz.molin@live.se</arg>
<arg>Brah123</arg>
</arguments>
<msg timestamp="20200319 14:38:25.082" level="FAIL">No keyword with name 'Attempt To Log In' found.</msg>
<status status="FAIL" starttime="20200319 14:38:25.082" endtime="20200319 14:38:25.083"></status>
</kw>
<doc>User should be able to log in with an already created account, according to the requirement list.</doc>
<tags>
<tag>Test 3;The log-in Test</tag>
</tags>
<status status="FAIL" starttime="20200319 14:38:24.254" endtime="20200319 14:38:25.083" critical="yes">No keyword with name 'Attempt To Log In' found.</status>
</test>
<test id="s1-s1-t4" name="The Credit Card Input Should Not Accept More Or Less Than 16 Numbers">
<kw name="Page Loaded" library="keywords">
<kw name="Load Page" library="keywords">
<kw name="Go To" library="SeleniumLibrary">
<doc>Navigates the current browser window to the provided ``url``.</doc>
<arguments>
<arg>${URL}</arg>
</arguments>
<msg timestamp="20200319 14:38:25.091" level="INFO">Opening url 'http://rental15.infotiv.net'</msg>
<status status="PASS" starttime="20200319 14:38:25.091" endtime="20200319 14:38:25.320"></status>
</kw>
<status status="PASS" starttime="20200319 14:38:25.089" endtime="20200319 14:38:25.320"></status>
</kw>
<kw name="Verify Rental Page Loaded" library="keywords">
<kw name="Location Should Be" library="SeleniumLibrary">
<doc>Verifies that the current URL is exactly ``url``.</doc>
<arguments>
<arg>http://rental15.infotiv.net/</arg>
</arguments>
<msg timestamp="20200319 14:38:25.337" level="INFO">Current location is 'http://rental15.infotiv.net/'.</msg>
<status status="PASS" starttime="20200319 14:38:25.320" endtime="20200319 14:38:25.338"></status>
</kw>
<status status="PASS" starttime="20200319 14:38:25.320" endtime="20200319 14:38:25.339"></status>
</kw>
<status status="PASS" starttime="20200319 14:38:25.088" endtime="20200319 14:38:25.339"></status>
</kw>
<kw name="Log Out" library="keywords">
<kw name="Click Button" library="SeleniumLibrary">
<doc>Clicks the button identified by ``locator``.</doc>
<arguments>
<arg>//*[@id="logout"]</arg>
</arguments>
<msg timestamp="20200319 14:38:25.344" level="INFO">Clicking button '//*[@id="logout"]'.</msg>
<kw name="Capture Page Screenshot" library="SeleniumLibrary">
<doc>Takes a screenshot of the current page and embeds it into a log file.</doc>
<msg timestamp="20200319 14:38:25.695" level="INFO" html="yes">&lt;/td&gt;&lt;/tr&gt;&lt;tr&gt;&lt;td colspan="3"&gt;&lt;a href="selenium-screenshot-141.png"&gt;&lt;img src="selenium-screenshot-141.png" width="800px"&gt;&lt;/a&gt;</msg>
<status status="PASS" starttime="20200319 14:38:25.379" endtime="20200319 14:38:25.695"></status>
</kw>
<msg timestamp="20200319 14:38:25.696" level="FAIL">Button with locator '//*[@id="logout"]' not found.</msg>
<status status="FAIL" starttime="20200319 14:38:25.344" endtime="20200319 14:38:25.697"></status>
</kw>
<status status="FAIL" starttime="20200319 14:38:25.343" endtime="20200319 14:38:25.697"></status>
</kw>
<doc>According to the requirements list, the credit card bar should ask for 16 numbers, but what happens if more or less numbers are inputed</doc>
<tags>
<tag>Test 4; The credit card test</tag>
</tags>
<status status="FAIL" starttime="20200319 14:38:25.085" endtime="20200319 14:38:25.698" critical="yes">Button with locator '//*[@id="logout"]' not found.</status>
</test>
<test id="s1-s1-t5" name="User Can Book A Car">
<kw name="Page Loaded" library="keywords">
<kw name="Load Page" library="keywords">
<kw name="Go To" library="SeleniumLibrary">
<doc>Navigates the current browser window to the provided ``url``.</doc>
<arguments>
<arg>${URL}</arg>
</arguments>
<msg timestamp="20200319 14:38:25.702" level="INFO">Opening url 'http://rental15.infotiv.net'</msg>
<status status="PASS" starttime="20200319 14:38:25.702" endtime="20200319 14:38:25.968"></status>
</kw>
<status status="PASS" starttime="20200319 14:38:25.702" endtime="20200319 14:38:25.968"></status>
</kw>
<kw name="Verify Rental Page Loaded" library="keywords">
<kw name="Location Should Be" library="SeleniumLibrary">
<doc>Verifies that the current URL is exactly ``url``.</doc>
<arguments>
<arg>http://rental15.infotiv.net/</arg>
</arguments>
<msg timestamp="20200319 14:38:25.979" level="INFO">Current location is 'http://rental15.infotiv.net/'.</msg>
<status status="PASS" starttime="20200319 14:38:25.968" endtime="20200319 14:38:25.979"></status>
</kw>
<status status="PASS" starttime="20200319 14:38:25.968" endtime="20200319 14:38:25.980"></status>
</kw>
<status status="PASS" starttime="20200319 14:38:25.701" endtime="20200319 14:38:25.980"></status>
</kw>
<kw name="Log Out" library="keywords">
<kw name="Click Button" library="SeleniumLibrary">
<doc>Clicks the button identified by ``locator``.</doc>
<arguments>
<arg>//*[@id="logout"]</arg>
</arguments>
<msg timestamp="20200319 14:38:25.981" level="INFO">Clicking button '//*[@id="logout"]'.</msg>
<kw name="Capture Page Screenshot" library="SeleniumLibrary">
<doc>Takes a screenshot of the current page and embeds it into a log file.</doc>
<msg timestamp="20200319 14:38:26.319" level="INFO" html="yes">&lt;/td&gt;&lt;/tr&gt;&lt;tr&gt;&lt;td colspan="3"&gt;&lt;a href="selenium-screenshot-142.png"&gt;&lt;img src="selenium-screenshot-142.png" width="800px"&gt;&lt;/a&gt;</msg>
<status status="PASS" starttime="20200319 14:38:26.002" endtime="20200319 14:38:26.319"></status>
</kw>
<msg timestamp="20200319 14:38:26.319" level="FAIL">Button with locator '//*[@id="logout"]' not found.</msg>
<status status="FAIL" starttime="20200319 14:38:25.981" endtime="20200319 14:38:26.319"></status>
</kw>
<status status="FAIL" starttime="20200319 14:38:25.980" endtime="20200319 14:38:26.319"></status>
</kw>
<doc>This tests the functionality of booking a car. Which means that all the steps: Selection ga car, inserting credit card information and that it shows up on My Page.</doc>
<tags>
<tag>Test 5; The Car booking functionality test</tag>
</tags>
<status status="FAIL" starttime="20200319 14:38:25.700" endtime="20200319 14:38:26.319" critical="yes">Button with locator '//*[@id="logout"]' not found.</status>
</test>
<kw name="End webtest" library="keywords" type="teardown">
<kw name="Close Browser" library="SeleniumLibrary">
<doc>Closes the current browser.</doc>
<status status="PASS" starttime="20200319 14:38:26.319" endtime="20200319 14:38:28.587"></status>
</kw>
<status status="PASS" starttime="20200319 14:38:26.319" endtime="20200319 14:38:28.587"></status>
</kw>
<doc>This test suite is designed to test the car rental function at rental15.infotiv.net</doc>
<status status="FAIL" starttime="20200319 14:38:09.938" endtime="20200319 14:38:28.587"></status>
</suite>
<status status="FAIL" starttime="20200319 14:38:09.891" endtime="20200319 14:38:28.587"></status>
</suite>
<statistics>
<total>
<stat pass="0" fail="5">Critical Tests</stat>
<stat pass="0" fail="5">All Tests</stat>
</total>
<tag>
<stat pass="0" fail="1">Test 1; The email test</stat>
<stat pass="0" fail="1">Test 2; user creation</stat>
<stat pass="0" fail="1">Test 3;The log-in Test</stat>
<stat pass="0" fail="1">Test 4; The credit card test</stat>
<stat pass="0" fail="1">Test 5; The Car booking functionality test</stat>
</tag>
<suite>
<stat pass="0" fail="5" id="s1" name="Tests">Tests</stat>
<stat pass="0" fail="5" id="s1-s1" name="carRental">Tests.carRental</stat>
</suite>
</statistics>
<errors>
<msg timestamp="20200319 14:38:10.234" level="ERROR">Error in file 'C:\Users\fritz\PycharmProjects\CarRentalTest\Tests\carRental.robot': Importing test library 'Seleniumlibrary' failed: ModuleNotFoundError: No module named 'Seleniumlibrary'
Traceback (most recent call last):
  None
PYTHONPATH:
  C:\Users\fritz\AppData\Local\Programs\Python\Python38-32\Scripts\robot.exe
  c:\users\fritz\appdata\local\programs\python\python38-32\python38.zip
  c:\users\fritz\appdata\local\programs\python\python38-32\DLLs
  c:\users\fritz\appdata\local\programs\python\python38-32\lib
  c:\users\fritz\appdata\local\programs\python\python38-32
  c:\users\fritz\appdata\local\programs\python\python38-32\lib\site-packages</msg>
</errors>
</robot>
